# JRE version: OpenJDK Runtime Environment (17.0.11) (build 17.0.11+0--11852314)
# Java VM: OpenJDK 64-Bit Server VM (17.0.11+0--11852314, mixed mode, tiered, compressed oops, compressed class ptrs, g1 gc, windows-amd64)
GC Precious Log:
 CPUs: 8 total, 8 available
 Memory: 7926M
 Large Page Support: Disabled
 NUMA Support: Disabled
 Compressed Oops: Enabled (32-bit)
 Heap Region Size: 1M
 Heap Min Capacity: 8M
 Heap Initial Capacity: 124M
 Heap Max Capacity: 2G
 Pre-touch: Disabled
 Parallel Workers: 8
 Concurrent Workers: 2
 Concurrent Refinement Workers: 8
 Periodic GC: Disabled
Heap:
 garbage-first heap   total 199680K, used 163117K [0x0000000080000000, 0x0000000100000000)
  region size 1024K, 49 young (50176K), 4 survivors (4096K)
 Metaspace       used 104846K, committed 105536K, reserved 1179648K
  class space    used 14650K, committed 14976K, reserved 1048576K
GC Heap History (20 events):
Event: 20.945 GC heap before
{Heap before GC invocations=42 (full 0):
 garbage-first heap   total 199680K, used 153706K [0x0000000080000000, 0x0000000100000000)
  region size 1024K, 53 young (54272K), 7 survivors (7168K)
 Metaspace       used 104205K, committed 104960K, reserved 1179648K
  class space    used 14578K, committed 14912K, reserved 1048576K
}
Event: 20.952 GC heap after
{Heap after GC invocations=43 (full 0):
 garbage-first heap   total 199680K, used 110759K [0x0000000080000000, 0x0000000100000000)
  region size 1024K, 5 young (5120K), 5 survivors (5120K)
 Metaspace       used 104205K, committed 104960K, reserved 1179648K
  class space    used 14578K, committed 14912K, reserved 1048576K
}
Event: 20.982 GC heap before
{Heap before GC invocations=43 (full 0):
 garbage-first heap   total 199680K, used 114855K [0x0000000080000000, 0x0000000100000000)
  region size 1024K, 9 young (9216K), 5 survivors (5120K)
 Metaspace       used 104207K, committed 104960K, reserved 1179648K
  class space    used 14578K, committed 14912K, reserved 1048576K
}
Event: 20.988 GC heap after
{Heap after GC invocations=44 (full 0):
 garbage-first heap   total 199680K, used 110049K [0x0000000080000000, 0x0000000100000000)
  region size 1024K, 1 young (1024K), 1 survivors (1024K)
 Metaspace       used 104207K, committed 104960K, reserved 1179648K
  class space    used 14578K, committed 14912K, reserved 1048576K
}
Event: 21.380 GC heap before
{Heap before GC invocations=44 (full 0):
 garbage-first heap   total 199680K, used 164321K [0x0000000080000000, 0x0000000100000000)
  region size 1024K, 55 young (56320K), 1 survivors (1024K)
 Metaspace       used 104333K, committed 105088K, reserved 1179648K
  class space    used 14591K, committed 14912K, reserved 1048576K
}
Event: 21.385 GC heap after
{Heap after GC invocations=45 (full 0):
 garbage-first heap   total 199680K, used 113605K [0x0000000080000000, 0x0000000100000000)
  region size 1024K, 5 young (5120K), 5 survivors (5120K)
 Metaspace       used 104333K, committed 105088K, reserved 1179648K
  class space    used 14591K, committed 14912K, reserved 1048576K
}
Event: 21.910 GC heap before
{Heap before GC invocations=45 (full 0):
 garbage-first heap   total 199680K, used 163781K [0x0000000080000000, 0x0000000100000000)
  region size 1024K, 55 young (56320K), 5 survivors (5120K)
 Metaspace       used 104801K, committed 105536K, reserved 1179648K
  class space    used 14648K, committed 14976K, reserved 1048576K
}
Event: 21.915 GC heap after
{Heap after GC invocations=46 (full 0):
 garbage-first heap   total 199680K, used 115455K [0x0000000080000000, 0x0000000100000000)
  region size 1024K, 4 young (4096K), 4 survivors (4096K)
 Metaspace       used 104801K, committed 105536K, reserved 1179648K
  class space    used 14648K, committed 14976K, reserved 1048576K
}
Event: 22.228 GC heap before
{Heap before GC invocations=46 (full 0):
 garbage-first heap   total 199680K, used 165631K [0x0000000080000000, 0x0000000100000000)
  region size 1024K, 53 young (54272K), 4 survivors (4096K)
 Metaspace       used 104828K, committed 105536K, reserved 1179648K
  class space    used 14649K, committed 14976K, reserved 1048576K
}
Event: 22.231 GC heap after
{Heap after GC invocations=47 (full 0):
 garbage-first heap   total 199680K, used 115141K [0x0000000080000000, 0x0000000100000000)
  region size 1024K, 3 young (3072K), 3 survivors (3072K)
 Metaspace       used 104828K, committed 105536K, reserved 1179648K
  class space    used 14649K, committed 14976K, reserved 1048576K
}
Event: 22.632 GC heap before
{Heap before GC invocations=47 (full 0):
 garbage-first heap   total 199680K, used 168389K [0x0000000080000000, 0x0000000100000000)
  region size 1024K, 55 young (56320K), 3 survivors (3072K)
 Metaspace       used 104835K, committed 105536K, reserved 1179648K
  class space    used 14650K, committed 14976K, reserved 1048576K
}
Event: 22.636 GC heap after
{Heap after GC invocations=48 (full 0):
 garbage-first heap   total 199680K, used 115229K [0x0000000080000000, 0x0000000100000000)
  region size 1024K, 3 young (3072K), 3 survivors (3072K)
 Metaspace       used 104835K, committed 105536K, reserved 1179648K
  class space    used 14650K, committed 14976K, reserved 1048576K
}
Event: 23.427 GC heap before
{Heap before GC invocations=48 (full 0):
 garbage-first heap   total 199680K, used 170525K [0x0000000080000000, 0x0000000100000000)
  region size 1024K, 57 young (58368K), 3 survivors (3072K)
 Metaspace       used 104838K, committed 105536K, reserved 1179648K
  class space    used 14650K, committed 14976K, reserved 1048576K
}
Event: 23.431 GC heap after
{Heap after GC invocations=49 (full 0):
 garbage-first heap   total 199680K, used 115157K [0x0000000080000000, 0x0000000100000000)
  region size 1024K, 3 young (3072K), 3 survivors (3072K)
 Metaspace       used 104838K, committed 105536K, reserved 1179648K
  class space    used 14650K, committed 14976K, reserved 1048576K
}
Event: 23.629 GC heap before
{Heap before GC invocations=49 (full 0):
 garbage-first heap   total 199680K, used 172501K [0x0000000080000000, 0x0000000100000000)
  region size 1024K, 59 young (60416K), 3 survivors (3072K)
 Metaspace       used 104842K, committed 105536K, reserved 1179648K
  class space    used 14650K, committed 14976K, reserved 1048576K
}
Event: 23.632 GC heap after
{Heap after GC invocations=50 (full 0):
 garbage-first heap   total 199680K, used 115211K [0x0000000080000000, 0x0000000100000000)
  region size 1024K, 3 young (3072K), 3 survivors (3072K)
 Metaspace       used 104842K, committed 105536K, reserved 1179648K
  class space    used 14650K, committed 14976K, reserved 1048576K
}
Event: 23.823 GC heap before
{Heap before GC invocations=50 (full 0):
 garbage-first heap   total 199680K, used 175627K [0x0000000080000000, 0x0000000100000000)
  region size 1024K, 60 young (61440K), 3 survivors (3072K)
 Metaspace       used 104845K, committed 105536K, reserved 1179648K
  class space    used 14650K, committed 14976K, reserved 1048576K
}
Event: 23.827 GC heap after
{Heap after GC invocations=51 (full 0):
 garbage-first heap   total 199680K, used 117677K [0x0000000080000000, 0x0000000100000000)
  region size 1024K, 4 young (4096K), 4 survivors (4096K)
 Metaspace       used 104845K, committed 105536K, reserved 1179648K
  class space    used 14650K, committed 14976K, reserved 1048576K
}
Event: 23.940 GC heap before
{Heap before GC invocations=51 (full 0):
 garbage-first heap   total 199680K, used 173997K [0x0000000080000000, 0x0000000100000000)
  region size 1024K, 59 young (60416K), 4 survivors (4096K)
 Metaspace       used 104845K, committed 105536K, reserved 1179648K
  class space    used 14650K, committed 14976K, reserved 1048576K
}
Event: 23.943 GC heap after
{Heap after GC invocations=52 (full 0):
 garbage-first heap   total 199680K, used 118061K [0x0000000080000000, 0x0000000100000000)
  region size 1024K, 4 young (4096K), 4 survivors (4096K)
 Metaspace       used 104845K, committed 105536K, reserved 1179648K
  class space    used 14650K, committed 14976K, reserved 1048576K
}

