# JRE version: OpenJDK Runtime Environment (17.0.11) (build 17.0.11+0--11852314)
# Java VM: OpenJDK 64-Bit Server VM (17.0.11+0--11852314, mixed mode, tiered, compressed oops, compressed class ptrs, g1 gc, windows-amd64)
GC Precious Log:
 CPUs: 8 total, 8 available
 Memory: 7926M
 Large Page Support: Disabled
 NUMA Support: Disabled
 Compressed Oops: Enabled (32-bit)
 Heap Region Size: 1M
 Heap Min Capacity: 8M
 Heap Initial Capacity: 124M
 Heap Max Capacity: 2G
 Pre-touch: Disabled
 Parallel Workers: 8
 Concurrent Workers: 2
 Concurrent Refinement Workers: 8
 Periodic GC: Disabled
Heap:
 garbage-first heap   total 176128K, used 134376K [0x0000000080000000, 0x0000000100000000)
  region size 1024K, 21 young (21504K), 2 survivors (2048K)
 Metaspace       used 104882K, committed 105600K, reserved 1179648K
  class space    used 14641K, committed 14976K, reserved 1048576K
GC Heap History (20 events):
Event: 23.392 GC heap before
{Heap before GC invocations=34 (full 0):
 garbage-first heap   total 176128K, used 144180K [0x0000000080000000, 0x0000000100000000)
  region size 1024K, 53 young (54272K), 2 survivors (2048K)
 Metaspace       used 93886K, committed 94592K, reserved 1179648K
  class space    used 13037K, committed 13376K, reserved 1048576K
}
Event: 23.399 GC heap after
{Heap after GC invocations=35 (full 0):
 garbage-first heap   total 176128K, used 95187K [0x0000000080000000, 0x0000000100000000)
  region size 1024K, 6 young (6144K), 6 survivors (6144K)
 Metaspace       used 93886K, committed 94592K, reserved 1179648K
  class space    used 13037K, committed 13376K, reserved 1048576K
}
Event: 23.450 GC heap before
{Heap before GC invocations=35 (full 0):
 garbage-first heap   total 176128K, used 97235K [0x0000000080000000, 0x0000000100000000)
  region size 1024K, 8 young (8192K), 6 survivors (6144K)
 Metaspace       used 94018K, committed 94720K, reserved 1179648K
  class space    used 13054K, committed 13376K, reserved 1048576K
}
Event: 23.457 GC heap after
{Heap after GC invocations=36 (full 0):
 garbage-first heap   total 176128K, used 94823K [0x0000000080000000, 0x0000000100000000)
  region size 1024K, 1 young (1024K), 1 survivors (1024K)
 Metaspace       used 94018K, committed 94720K, reserved 1179648K
  class space    used 13054K, committed 13376K, reserved 1048576K
}
Event: 24.452 GC heap before
{Heap before GC invocations=36 (full 0):
 garbage-first heap   total 176128K, used 144999K [0x0000000080000000, 0x0000000100000000)
  region size 1024K, 50 young (51200K), 1 survivors (1024K)
 Metaspace       used 97664K, committed 98368K, reserved 1179648K
  class space    used 13629K, committed 13952K, reserved 1048576K
}
Event: 24.457 GC heap after
{Heap after GC invocations=37 (full 0):
 garbage-first heap   total 176128K, used 96513K [0x0000000080000000, 0x0000000100000000)
  region size 1024K, 3 young (3072K), 3 survivors (3072K)
 Metaspace       used 97664K, committed 98368K, reserved 1179648K
  class space    used 13629K, committed 13952K, reserved 1048576K
}
Event: 25.244 GC heap before
{Heap before GC invocations=37 (full 0):
 garbage-first heap   total 176128K, used 146689K [0x0000000080000000, 0x0000000100000000)
  region size 1024K, 52 young (53248K), 3 survivors (3072K)
 Metaspace       used 101471K, committed 102208K, reserved 1179648K
  class space    used 14111K, committed 14464K, reserved 1048576K
}
Event: 25.250 GC heap after
{Heap after GC invocations=38 (full 0):
 garbage-first heap   total 176128K, used 100318K [0x0000000080000000, 0x0000000100000000)
  region size 1024K, 6 young (6144K), 6 survivors (6144K)
 Metaspace       used 101471K, committed 102208K, reserved 1179648K
  class space    used 14111K, committed 14464K, reserved 1048576K
}
Event: 26.113 GC heap before
{Heap before GC invocations=38 (full 0):
 garbage-first heap   total 176128K, used 146398K [0x0000000080000000, 0x0000000100000000)
  region size 1024K, 52 young (53248K), 6 survivors (6144K)
 Metaspace       used 103784K, committed 104512K, reserved 1179648K
  class space    used 14493K, committed 14848K, reserved 1048576K
}
Event: 26.123 GC heap after
{Heap after GC invocations=39 (full 0):
 garbage-first heap   total 176128K, used 106221K [0x0000000080000000, 0x0000000100000000)
  region size 1024K, 6 young (6144K), 6 survivors (6144K)
 Metaspace       used 103784K, committed 104512K, reserved 1179648K
  class space    used 14493K, committed 14848K, reserved 1048576K
}
Event: 26.408 GC heap before
{Heap before GC invocations=39 (full 0):
 garbage-first heap   total 176128K, used 145133K [0x0000000080000000, 0x0000000100000000)
  region size 1024K, 45 young (46080K), 6 survivors (6144K)
 Metaspace       used 104071K, committed 104832K, reserved 1179648K
  class space    used 14544K, committed 14912K, reserved 1048576K
}
Event: 26.417 GC heap after
{Heap after GC invocations=40 (full 0):
 garbage-first heap   total 176128K, used 108544K [0x0000000080000000, 0x0000000100000000)
  region size 1024K, 4 young (4096K), 4 survivors (4096K)
 Metaspace       used 104071K, committed 104832K, reserved 1179648K
  class space    used 14544K, committed 14912K, reserved 1048576K
}
Event: 26.822 GC heap before
{Heap before GC invocations=40 (full 0):
 garbage-first heap   total 176128K, used 145408K [0x0000000080000000, 0x0000000100000000)
  region size 1024K, 41 young (41984K), 4 survivors (4096K)
 Metaspace       used 104260K, committed 105024K, reserved 1179648K
  class space    used 14570K, committed 14912K, reserved 1048576K
}
Event: 26.826 GC heap after
{Heap after GC invocations=41 (full 0):
 garbage-first heap   total 176128K, used 110694K [0x0000000080000000, 0x0000000100000000)
  region size 1024K, 3 young (3072K), 3 survivors (3072K)
 Metaspace       used 104260K, committed 105024K, reserved 1179648K
  class space    used 14570K, committed 14912K, reserved 1048576K
}
Event: 27.187 GC heap before
{Heap before GC invocations=41 (full 0):
 garbage-first heap   total 176128K, used 146534K [0x0000000080000000, 0x0000000100000000)
  region size 1024K, 39 young (39936K), 3 survivors (3072K)
 Metaspace       used 104373K, committed 105152K, reserved 1179648K
  class space    used 14582K, committed 14912K, reserved 1048576K
}
Event: 27.191 GC heap after
{Heap after GC invocations=42 (full 0):
 garbage-first heap   total 176128K, used 113245K [0x0000000080000000, 0x0000000100000000)
  region size 1024K, 4 young (4096K), 4 survivors (4096K)
 Metaspace       used 104373K, committed 105152K, reserved 1179648K
  class space    used 14582K, committed 14912K, reserved 1048576K
}
Event: 27.479 GC heap before
{Heap before GC invocations=42 (full 0):
 garbage-first heap   total 176128K, used 147037K [0x0000000080000000, 0x0000000100000000)
  region size 1024K, 38 young (38912K), 4 survivors (4096K)
 Metaspace       used 104548K, committed 105344K, reserved 1179648K
  class space    used 14608K, committed 14976K, reserved 1048576K
}
Event: 27.485 GC heap after
{Heap after GC invocations=43 (full 0):
 garbage-first heap   total 176128K, used 114865K [0x0000000080000000, 0x0000000100000000)
  region size 1024K, 3 young (3072K), 3 survivors (3072K)
 Metaspace       used 104548K, committed 105344K, reserved 1179648K
  class space    used 14608K, committed 14976K, reserved 1048576K
}
Event: 27.830 GC heap before
{Heap before GC invocations=43 (full 0):
 garbage-first heap   total 176128K, used 146609K [0x0000000080000000, 0x0000000100000000)
  region size 1024K, 35 young (35840K), 3 survivors (3072K)
 Metaspace       used 104878K, committed 105600K, reserved 1179648K
  class space    used 14641K, committed 14976K, reserved 1048576K
}
Event: 27.835 GC heap after
{Heap after GC invocations=44 (full 0):
 garbage-first heap   total 176128K, used 115944K [0x0000000080000000, 0x0000000100000000)
  region size 1024K, 2 young (2048K), 2 survivors (2048K)
 Metaspace       used 104878K, committed 105600K, reserved 1179648K
  class space    used 14641K, committed 14976K, reserved 1048576K
}

